<?xml version="1.0" encoding="UTF-8"?>
<!-- Generated by org.testng.reporters.JUnitXMLReporter -->
<testsuite ignored="0" hostname="DESKTOP-P8351SK" failures="0" tests="2" name="BankingApp test" time="53.907" errors="0" timestamp="2024-06-12T19:50:01 IST">
  <testcase classname="com.inetbanking.testCases.TC_LoginTest_001" name="loginTest" time="1.788"/>
  <testcase classname="com.inetbanking.testCases.TC_AddNewCustomer_003" name="AddNewCustomer" time="16.716"/>
</testsuite> <!-- BankingApp test -->
