<?xml version="1.0" encoding="UTF-8"?>
<testng-results ignored="0" total="2" passed="2" failed="0" skipped="0">
  <reporter-output>
  </reporter-output>
  <suite started-at="2024-06-12T19:49:07 IST" name="InetBankingV1" finished-at="2024-06-12T19:50:01 IST" duration-ms="53907">
    <groups>
    </groups>
    <test started-at="2024-06-12T19:49:07 IST" name="BankingApp test" finished-at="2024-06-12T19:50:01 IST" duration-ms="53907">
      <class name="com.inetbanking.testCases.TC_LoginTest_001">
        <test-method is-config="true" signature="setup(java.lang.String)[pri:0, instance:com.inetbanking.testCases.TC_LoginTest_001@75d4a5c2]" started-at="2024-06-12T19:49:07 IST" name="setup" finished-at="2024-06-12T19:49:26 IST" duration-ms="18827" status="PASS">
          <params>
            <param index="0">
              <value>
                <![CDATA[chrome]]>
              </value>
            </param>
          </params>
          <reporter-output>
          </reporter-output>
        </test-method> <!-- setup -->
        <test-method signature="loginTest()[pri:0, instance:com.inetbanking.testCases.TC_LoginTest_001@75d4a5c2]" started-at="2024-06-12T19:49:26 IST" name="loginTest" finished-at="2024-06-12T19:49:28 IST" duration-ms="1788" status="PASS">
          <reporter-output>
          </reporter-output>
        </test-method> <!-- loginTest -->
        <test-method is-config="true" signature="teardown()[pri:0, instance:com.inetbanking.testCases.TC_LoginTest_001@75d4a5c2]" started-at="2024-06-12T19:49:28 IST" name="teardown" finished-at="2024-06-12T19:49:29 IST" duration-ms="746" status="PASS">
          <reporter-output>
          </reporter-output>
        </test-method> <!-- teardown -->
      </class> <!-- com.inetbanking.testCases.TC_LoginTest_001 -->
      <class name="com.inetbanking.testCases.TC_AddNewCustomer_003">
        <test-method is-config="true" signature="setup(java.lang.String)[pri:0, instance:com.inetbanking.testCases.TC_AddNewCustomer_003@206a70ef]" started-at="2024-06-12T19:49:29 IST" name="setup" finished-at="2024-06-12T19:49:44 IST" duration-ms="14846" status="PASS">
          <params>
            <param index="0">
              <value>
                <![CDATA[chrome]]>
              </value>
            </param>
          </params>
          <reporter-output>
          </reporter-output>
        </test-method> <!-- setup -->
        <test-method signature="AddNewCustomer()[pri:0, instance:com.inetbanking.testCases.TC_AddNewCustomer_003@206a70ef]" started-at="2024-06-12T19:49:44 IST" name="AddNewCustomer" finished-at="2024-06-12T19:50:00 IST" duration-ms="16716" status="PASS">
          <reporter-output>
          </reporter-output>
        </test-method> <!-- AddNewCustomer -->
        <test-method is-config="true" signature="teardown()[pri:0, instance:com.inetbanking.testCases.TC_AddNewCustomer_003@206a70ef]" started-at="2024-06-12T19:50:00 IST" name="teardown" finished-at="2024-06-12T19:50:01 IST" duration-ms="696" status="PASS">
          <reporter-output>
          </reporter-output>
        </test-method> <!-- teardown -->
      </class> <!-- com.inetbanking.testCases.TC_AddNewCustomer_003 -->
    </test> <!-- BankingApp test -->
  </suite> <!-- InetBankingV1 -->
</testng-results>
